[Mon Mar 30 14:33:04.653031 2020] [mpm_winnt:notice] [pid 18684:tid 640] AH00455: Apache/2.4.41 (Win64) configured -- resuming normal operations
[Mon Mar 30 14:33:04.653081 2020] [mpm_winnt:notice] [pid 18684:tid 640] AH00456: Apache Lounge VS16 Server built: Aug  9 2019 16:46:32
[Mon Mar 30 14:33:04.654028 2020] [core:notice] [pid 18684:tid 640] AH00094: Command line: 'C:\\apache\\Apache24\\bin\\httpd.exe -d C:/apache/Apache24'
[Mon Mar 30 14:33:04.656067 2020] [mpm_winnt:notice] [pid 18684:tid 640] AH00418: Parent: Created child process 18604
[Mon Mar 30 14:33:05.252430 2020] [mpm_winnt:notice] [pid 18604:tid 572] AH00354: Child: Starting 64 worker threads.
[Mon Mar 30 14:43:26.586634 2020] [mpm_winnt:notice] [pid 18684:tid 640] AH00422: Parent: Received shutdown signal -- Shutting down the server.
[Mon Mar 30 14:43:28.589869 2020] [mpm_winnt:notice] [pid 18604:tid 572] AH00364: Child: All worker threads have exited.
[Mon Mar 30 14:43:28.619199 2020] [mpm_winnt:notice] [pid 18684:tid 640] AH00430: Parent: Child process 18604 exited successfully.
[Mon Mar 30 14:59:08.597294 2020] [mpm_winnt:notice] [pid 8392:tid 572] AH00455: Apache/2.4.41 (Win64) configured -- resuming normal operations
[Mon Mar 30 14:59:08.597294 2020] [mpm_winnt:notice] [pid 8392:tid 572] AH00456: Apache Lounge VS16 Server built: Aug  9 2019 16:46:32
[Mon Mar 30 14:59:08.597294 2020] [core:notice] [pid 8392:tid 572] AH00094: Command line: 'c:\\Apache24\\bin\\httpd.exe -d C:/Apache24'
[Mon Mar 30 14:59:08.601921 2020] [mpm_winnt:notice] [pid 8392:tid 572] AH00418: Parent: Created child process 5176
[Mon Mar 30 14:59:09.447041 2020] [mpm_winnt:notice] [pid 5176:tid 716] AH00354: Child: Starting 64 worker threads.
[Mon Mar 30 14:59:21.573913 2020] [mpm_winnt:crit] [pid 5176:tid 716] AH02538: Child: Parent process exited abruptly. Child process is ending
[Mon Mar 30 14:59:21.574341 2020] [mpm_winnt:warn] [pid 5176:tid 1120] (OS 995)The I/O operation has been aborted because of either a thread exit or an application request.  : AH00341: winnt_accept: Asynchronous AcceptEx failed.
[Mon Mar 30 14:59:21.574341 2020] [mpm_winnt:warn] [pid 5176:tid 1124] (OS 995)The I/O operation has been aborted because of either a thread exit or an application request.  : AH00341: winnt_accept: Asynchronous AcceptEx failed.
[Mon Mar 30 14:59:23.582893 2020] [mpm_winnt:notice] [pid 5176:tid 716] AH00364: Child: All worker threads have exited.
[Mon Mar 30 14:59:34.480032 2020] [core:warn] [pid 3196:tid 540] AH00098: pid file C:/Apache24/logs/httpd.pid overwritten -- Unclean shutdown of previous Apache run?
[Mon Mar 30 14:59:34.499749 2020] [mpm_winnt:notice] [pid 3196:tid 540] AH00455: Apache/2.4.41 (Win64) configured -- resuming normal operations
[Mon Mar 30 14:59:34.499749 2020] [mpm_winnt:notice] [pid 3196:tid 540] AH00456: Apache Lounge VS16 Server built: Aug  9 2019 16:46:32
[Mon Mar 30 14:59:34.499749 2020] [core:notice] [pid 3196:tid 540] AH00094: Command line: 'c:\\Apache24\\bin\\httpd.exe -d C:/Apache24'
[Mon Mar 30 14:59:34.504882 2020] [mpm_winnt:notice] [pid 3196:tid 540] AH00418: Parent: Created child process 12472
[Mon Mar 30 14:59:35.244996 2020] [mpm_winnt:notice] [pid 12472:tid 564] AH00354: Child: Starting 64 worker threads.
[Mon Mar 30 15:00:03.698010 2020] [mpm_winnt:crit] [pid 12472:tid 564] AH02538: Child: Parent process exited abruptly. Child process is ending
[Mon Mar 30 15:00:03.698010 2020] [mpm_winnt:warn] [pid 12472:tid 172] (OS 995)The I/O operation has been aborted because of either a thread exit or an application request.  : AH00341: winnt_accept: Asynchronous AcceptEx failed.
[Mon Mar 30 15:00:03.701556 2020] [mpm_winnt:warn] [pid 12472:tid 4] (OS 995)The I/O operation has been aborted because of either a thread exit or an application request.  : AH00341: winnt_accept: Asynchronous AcceptEx failed.
[Mon Mar 30 15:00:05.704887 2020] [mpm_winnt:notice] [pid 12472:tid 564] AH00364: Child: All worker threads have exited.
[Mon Mar 30 15:00:46.008246 2020] [core:warn] [pid 6532:tid 580] AH00098: pid file C:/Apache24/logs/httpd.pid overwritten -- Unclean shutdown of previous Apache run?
[Mon Mar 30 15:00:46.015924 2020] [mpm_winnt:notice] [pid 6532:tid 580] AH00455: Apache/2.4.41 (Win64) configured -- resuming normal operations
[Mon Mar 30 15:00:46.015924 2020] [mpm_winnt:notice] [pid 6532:tid 580] AH00456: Apache Lounge VS16 Server built: Aug  9 2019 16:46:32
[Mon Mar 30 15:00:46.015924 2020] [core:notice] [pid 6532:tid 580] AH00094: Command line: 'C:\\Apache24\\bin\\httpd.exe -d C:/Apache24'
[Mon Mar 30 15:00:46.021554 2020] [mpm_winnt:notice] [pid 6532:tid 580] AH00418: Parent: Created child process 5432
Apache server shutdown initiated...
pm_winnt:notice] [pid 5432:tid 600] AH00354: Child: Starting 64 worker threads.
[Mon Mar 30 15:01:26.643117 2020] [mpm_winnt:notice] [pid 6532:tid 580] AH00422: Parent: Received shutdown signal -- Shutting down the server.
[Mon Mar 30 15:01:28.663886 2020] [mpm_winnt:notice] [pid 5432:tid 600] AH00364: Child: All worker threads have exited.
[Mon Mar 30 15:01:28.694927 2020] [mpm_winnt:notice] [pid 6532:tid 580] AH00430: Parent: Child process 5432 exited successfully.
[Mon Mar 30 15:01:32.017941 2020] [mpm_winnt:notice] [pid 13920:tid 568] AH00455: Apache/2.4.41 (Win64) configured -- resuming normal operations
[Mon Mar 30 15:01:32.019242 2020] [mpm_winnt:notice] [pid 13920:tid 568] AH00456: Apache Lounge VS16 Server built: Aug  9 2019 16:46:32
[Mon Mar 30 15:01:32.019242 2020] [core:notice] [pid 13920:tid 568] AH00094: Command line: 'c:\\Apache24\\bin\\httpd.exe -d C:/Apache24'
[Mon Mar 30 15:01:32.030775 2020] [mpm_winnt:notice] [pid 13920:tid 568] AH00418: Parent: Created child process 9488
[Mon Mar 30 15:01:32.853409 2020] [mpm_winnt:notice] [pid 9488:tid 564] AH00354: Child: Starting 64 worker threads.
[Mon Mar 30 15:02:01.227208 2020] [mpm_winnt:crit] [pid 9488:tid 564] AH02538: Child: Parent process exited abruptly. Child process is ending
[Mon Mar 30 15:02:01.228352 2020] [mpm_winnt:warn] [pid 9488:tid 1120] (OS 995)The I/O operation has been aborted because of either a thread exit or an application request.  : AH00341: winnt_accept: Asynchronous AcceptEx failed.
[Mon Mar 30 15:02:01.228352 2020] [mpm_winnt:warn] [pid 9488:tid 1124] (OS 995)The I/O operation has been aborted because of either a thread exit or an application request.  : AH00341: winnt_accept: Asynchronous AcceptEx failed.
[Mon Mar 30 15:02:03.238749 2020] [mpm_winnt:notice] [pid 9488:tid 564] AH00364: Child: All worker threads have exited.
[Mon Mar 30 15:02:48.615833 2020] [core:warn] [pid 10648:tid 560] AH00098: pid file C:/Apache24/logs/httpd.pid overwritten -- Unclean shutdown of previous Apache run?
[Mon Mar 30 15:02:48.615833 2020] [mpm_winnt:notice] [pid 10648:tid 560] AH00455: Apache/2.4.41 (Win64) configured -- resuming normal operations
[Mon Mar 30 15:02:48.615833 2020] [mpm_winnt:notice] [pid 10648:tid 560] AH00456: Apache Lounge VS16 Server built: Aug  9 2019 16:46:32
[Mon Mar 30 15:02:48.615833 2020] [core:notice] [pid 10648:tid 560] AH00094: Command line: 'c:\\Apache24\\bin\\httpd.exe -d C:/Apache24'
[Mon Mar 30 15:02:48.631296 2020] [mpm_winnt:notice] [pid 10648:tid 560] AH00418: Parent: Created child process 8492
[Mon Mar 30 15:02:49.505106 2020] [mpm_winnt:notice] [pid 8492:tid 568] AH00354: Child: Starting 64 worker threads.
[Mon Mar 30 15:03:17.771059 2020] [mpm_winnt:crit] [pid 8492:tid 568] AH02538: Child: Parent process exited abruptly. Child process is ending
[Mon Mar 30 15:03:17.771059 2020] [mpm_winnt:warn] [pid 8492:tid 552] (OS 995)The I/O operation has been aborted because of either a thread exit or an application request.  : AH00341: winnt_accept: Asynchronous AcceptEx failed.
[Mon Mar 30 15:03:17.772055 2020] [mpm_winnt:error] [pid 8492:tid 552] (OS 10038)An operation was attempted on something that is not a socket.  : AH00337: Child: Encountered too many AcceptEx faults accepting client connections. Possible causes: dynamic address renewal, or incompatible VPN or firewall software. 
[Mon Mar 30 15:03:17.772055 2020] [mpm_winnt:notice] [pid 8492:tid 552] (OS 10038)An operation was attempted on something that is not a socket.  : AH00338: winnt_mpm: falling back to 'AcceptFilter none'.
[Mon Mar 30 15:03:17.771059 2020] [mpm_winnt:warn] [pid 8492:tid 548] (OS 995)The I/O operation has been aborted because of either a thread exit or an application request.  : AH00341: winnt_accept: Asynchronous AcceptEx failed.
[Mon Mar 30 15:03:19.793107 2020] [mpm_winnt:notice] [pid 8492:tid 568] AH00364: Child: All worker threads have exited.
[Mon Mar 30 15:04:00.770011 2020] [core:warn] [pid 3956:tid 540] AH00098: pid file C:/Apache24/logs/httpd.pid overwritten -- Unclean shutdown of previous Apache run?
[Mon Mar 30 15:04:00.772813 2020] [mpm_winnt:notice] [pid 3956:tid 540] AH00455: Apache/2.4.41 (Win64) configured -- resuming normal operations
[Mon Mar 30 15:04:00.772813 2020] [mpm_winnt:notice] [pid 3956:tid 540] AH00456: Apache Lounge VS16 Server built: Aug  9 2019 16:46:32
[Mon Mar 30 15:04:00.772813 2020] [core:notice] [pid 3956:tid 540] AH00094: Command line: 'c:\\Apache24\\bin\\httpd.exe -d C:/Apache24'
[Mon Mar 30 15:04:00.772813 2020] [mpm_winnt:notice] [pid 3956:tid 540] AH00418: Parent: Created child process 6840
[Mon Mar 30 15:04:02.701979 2020] [mpm_winnt:notice] [pid 6840:tid 628] AH00354: Child: Starting 64 worker threads.
[Mon Mar 30 15:04:43.062828 2020] [mpm_winnt:crit] [pid 6840:tid 628] AH02538: Child: Parent process exited abruptly. Child process is ending
[Mon Mar 30 15:04:43.062828 2020] [mpm_winnt:warn] [pid 6840:tid 540] (OS 995)The I/O operation has been aborted because of either a thread exit or an application request.  : AH00341: winnt_accept: Asynchronous AcceptEx failed.
[Mon Mar 30 15:04:43.077640 2020] [mpm_winnt:warn] [pid 6840:tid 1136] (OS 995)The I/O operation has been aborted because of either a thread exit or an application request.  : AH00341: winnt_accept: Asynchronous AcceptEx failed.
[Mon Mar 30 15:04:43.077640 2020] [mpm_winnt:error] [pid 6840:tid 540] (OS 10038)An operation was attempted on something that is not a socket.  : AH00337: Child: Encountered too many AcceptEx faults accepting client connections. Possible causes: dynamic address renewal, or incompatible VPN or firewall software. 
[Mon Mar 30 15:04:43.077640 2020] [mpm_winnt:notice] [pid 6840:tid 540] (OS 10038)An operation was attempted on something that is not a socket.  : AH00338: winnt_mpm: falling back to 'AcceptFilter none'.
[Mon Mar 30 15:04:45.096264 2020] [mpm_winnt:notice] [pid 6840:tid 628] AH00364: Child: All worker threads have exited.
[Mon Mar 30 15:05:36.525523 2020] [core:warn] [pid 9384:tid 552] AH00098: pid file C:/Apache24/logs/httpd.pid overwritten -- Unclean shutdown of previous Apache run?
[Mon Mar 30 15:05:36.547728 2020] [mpm_winnt:notice] [pid 9384:tid 552] AH00455: Apache/2.4.41 (Win64) configured -- resuming normal operations
[Mon Mar 30 15:05:36.547728 2020] [mpm_winnt:notice] [pid 9384:tid 552] AH00456: Apache Lounge VS16 Server built: Aug  9 2019 16:46:32
[Mon Mar 30 15:05:36.547728 2020] [core:notice] [pid 9384:tid 552] AH00094: Command line: 'c:\\Apache24\\bin\\httpd.exe -d C:/Apache24'
[Mon Mar 30 15:05:36.558773 2020] [mpm_winnt:notice] [pid 9384:tid 552] AH00418: Parent: Created child process 3688
[Mon Mar 30 15:05:37.358106 2020] [mpm_winnt:notice] [pid 3688:tid 532] AH00354: Child: Starting 64 worker threads.
[Mon Mar 30 15:06:05.671645 2020] [mpm_winnt:crit] [pid 3688:tid 532] AH02538: Child: Parent process exited abruptly. Child process is ending
[Mon Mar 30 15:06:05.671645 2020] [mpm_winnt:warn] [pid 3688:tid 572] (OS 995)The I/O operation has been aborted because of either a thread exit or an application request.  : AH00341: winnt_accept: Asynchronous AcceptEx failed.
[Mon Mar 30 15:06:05.681698 2020] [mpm_winnt:warn] [pid 3688:tid 560] (OS 995)The I/O operation has been aborted because of either a thread exit or an application request.  : AH00341: winnt_accept: Asynchronous AcceptEx failed.
[Mon Mar 30 15:06:07.693303 2020] [mpm_winnt:notice] [pid 3688:tid 532] AH00364: Child: All worker threads have exited.
[Mon Mar 30 15:09:18.739963 2020] [core:warn] [pid 11488:tid 616] AH00098: pid file C:/Apache24/logs/httpd.pid overwritten -- Unclean shutdown of previous Apache run?
[Mon Mar 30 15:09:18.739963 2020] [mpm_winnt:notice] [pid 11488:tid 616] AH00455: Apache/2.4.41 (Win64) configured -- resuming normal operations
[Mon Mar 30 15:09:18.739963 2020] [mpm_winnt:notice] [pid 11488:tid 616] AH00456: Apache Lounge VS16 Server built: Aug  9 2019 16:46:32
[Mon Mar 30 15:09:18.739963 2020] [core:notice] [pid 11488:tid 616] AH00094: Command line: 'C:\\Apache24\\bin\\httpd.exe -d C:/Apache24'
[Mon Mar 30 15:09:18.755973 2020] [mpm_winnt:notice] [pid 11488:tid 616] AH00418: Parent: Created child process 11180
[Mon Mar 30 15:09:19.500060 2020] [mpm_winnt:notice] [pid 11180:tid 528] AH00354: Child: Starting 64 worker threads.
[Mon Mar 30 15:11:39.281789 2020] [mpm_winnt:notice] [pid 11488:tid 616] AH00422: Parent: Received shutdown signal -- Shutting down the server.
[Mon Mar 30 15:11:41.287197 2020] [mpm_winnt:notice] [pid 11180:tid 528] AH00364: Child: All worker threads have exited.
[Mon Mar 30 15:11:41.317653 2020] [mpm_winnt:notice] [pid 11488:tid 616] AH00430: Parent: Child process 11180 exited successfully.
[Mon Mar 30 15:11:42.587509 2020] [mpm_winnt:notice] [pid 13856:tid 632] AH00455: Apache/2.4.41 (Win64) configured -- resuming normal operations
[Mon Mar 30 15:11:42.587509 2020] [mpm_winnt:notice] [pid 13856:tid 632] AH00456: Apache Lounge VS16 Server built: Aug  9 2019 16:46:32
[Mon Mar 30 15:11:42.587509 2020] [core:notice] [pid 13856:tid 632] AH00094: Command line: 'C:\\Apache24\\bin\\httpd.exe -d C:/Apache24'
[Mon Mar 30 15:11:42.589971 2020] [mpm_winnt:notice] [pid 13856:tid 632] AH00418: Parent: Created child process 13908
[Mon Mar 30 15:11:43.360681 2020] [mpm_winnt:notice] [pid 13908:tid 464] AH00354: Child: Starting 64 worker threads.
[Mon Mar 30 15:31:32.412249 2020] [mpm_winnt:notice] [pid 13856:tid 632] AH00422: Parent: Received shutdown signal -- Shutting down the server.
[Mon Mar 30 15:32:02.420756 2020] [mpm_winnt:notice] [pid 13856:tid 632] AH00431: Parent: Forcing termination of child process 13908
[Mon Mar 30 15:32:03.505673 2020] [mpm_winnt:notice] [pid 6936:tid 636] AH00455: Apache/2.4.41 (Win64) configured -- resuming normal operations
[Mon Mar 30 15:32:03.509974 2020] [mpm_winnt:notice] [pid 6936:tid 636] AH00456: Apache Lounge VS16 Server built: Aug  9 2019 16:46:32
[Mon Mar 30 15:32:03.510957 2020] [core:notice] [pid 6936:tid 636] AH00094: Command line: 'C:\\Apache24\\bin\\httpd.exe -d C:/Apache24'
[Mon Mar 30 15:32:03.514500 2020] [mpm_winnt:notice] [pid 6936:tid 636] AH00418: Parent: Created child process 14236
[Mon Mar 30 15:32:04.290656 2020] [mpm_winnt:notice] [pid 14236:tid 4] AH00354: Child: Starting 64 worker threads.
[Mon Mar 30 15:36:48.602827 2020] [mpm_winnt:notice] [pid 6936:tid 636] AH00422: Parent: Received shutdown signal -- Shutting down the server.
[Mon Mar 30 15:37:02.718898 2020] [mpm_winnt:notice] [pid 14236:tid 4] AH00364: Child: All worker threads have exited.
[Mon Mar 30 15:37:02.755111 2020] [mpm_winnt:notice] [pid 6936:tid 636] AH00430: Parent: Child process 14236 exited successfully.
[Mon Mar 30 15:39:36.936706 2020] [mpm_winnt:notice] [pid 7532:tid 668] AH00455: Apache/2.4.41 (Win64) PHP/7.4.4 configured -- resuming normal operations
[Mon Mar 30 15:39:36.936706 2020] [mpm_winnt:notice] [pid 7532:tid 668] AH00456: Apache Lounge VS16 Server built: Aug  9 2019 16:46:32
[Mon Mar 30 15:39:36.936706 2020] [core:notice] [pid 7532:tid 668] AH00094: Command line: 'C:\\Apache24\\bin\\httpd.exe -d C:/Apache24'
[Mon Mar 30 15:39:36.942179 2020] [mpm_winnt:notice] [pid 7532:tid 668] AH00418: Parent: Created child process 9548
[Mon Mar 30 15:39:37.739751 2020] [mpm_winnt:notice] [pid 9548:tid 688] AH00354: Child: Starting 64 worker threads.
[Mon Mar 30 15:53:21.969089 2020] [mpm_winnt:notice] [pid 7532:tid 668] AH00422: Parent: Received shutdown signal -- Shutting down the server.
[Mon Mar 30 15:53:23.980429 2020] [mpm_winnt:notice] [pid 9548:tid 688] AH00364: Child: All worker threads have exited.
[Mon Mar 30 15:53:26.213758 2020] [mpm_winnt:notice] [pid 7532:tid 668] AH00430: Parent: Child process 9548 exited successfully.
[Mon Mar 30 15:53:27.310083 2020] [mpm_winnt:notice] [pid 13208:tid 696] AH00455: Apache/2.4.41 (Win64) PHP/7.4.4 configured -- resuming normal operations
[Mon Mar 30 15:53:27.310083 2020] [mpm_winnt:notice] [pid 13208:tid 696] AH00456: Apache Lounge VS16 Server built: Aug  9 2019 16:46:32
[Mon Mar 30 15:53:27.310083 2020] [core:notice] [pid 13208:tid 696] AH00094: Command line: 'C:\\Apache24\\bin\\httpd.exe -d C:/Apache24'
[Mon Mar 30 15:53:27.318338 2020] [mpm_winnt:notice] [pid 13208:tid 696] AH00418: Parent: Created child process 9592
[Mon Mar 30 15:53:28.117648 2020] [mpm_winnt:notice] [pid 9592:tid 652] AH00354: Child: Starting 64 worker threads.
[Mon Mar 30 15:54:10.304052 2020] [mpm_winnt:notice] [pid 13208:tid 696] AH00422: Parent: Received shutdown signal -- Shutting down the server.
[Mon Mar 30 15:54:12.354691 2020] [mpm_winnt:notice] [pid 9592:tid 652] AH00364: Child: All worker threads have exited.
[Mon Mar 30 15:54:12.370313 2020] [mpm_winnt:notice] [pid 13208:tid 696] AH00430: Parent: Child process 9592 exited successfully.
[Mon Mar 30 15:54:41.771739 2020] [mpm_winnt:notice] [pid 5184:tid 700] AH00455: Apache/2.4.41 (Win64) PHP/7.4.4 configured -- resuming normal operations
[Mon Mar 30 15:54:41.775754 2020] [mpm_winnt:notice] [pid 5184:tid 700] AH00456: Apache Lounge VS16 Server built: Aug  9 2019 16:46:32
[Mon Mar 30 15:54:41.775754 2020] [core:notice] [pid 5184:tid 700] AH00094: Command line: 'C:\\Apache24\\bin\\httpd.exe -d C:/Apache24'
[Mon Mar 30 15:54:41.777880 2020] [mpm_winnt:notice] [pid 5184:tid 700] AH00418: Parent: Created child process 6912
[Mon Mar 30 15:54:44.403911 2020] [mpm_winnt:notice] [pid 6912:tid 624] AH00354: Child: Starting 64 worker threads.
[Mon Mar 30 15:59:03.284566 2020] [mpm_winnt:notice] [pid 5184:tid 700] AH00422: Parent: Received shutdown signal -- Shutting down the server.
[Mon Mar 30 15:59:05.314365 2020] [mpm_winnt:notice] [pid 6912:tid 624] AH00364: Child: All worker threads have exited.
[Mon Mar 30 15:59:06.431526 2020] [mpm_winnt:notice] [pid 5184:tid 700] AH00430: Parent: Child process 6912 exited successfully.
[Mon Mar 30 15:59:12.729710 2020] [mpm_winnt:notice] [pid 14676:tid 664] AH00455: Apache/2.4.41 (Win64) PHP/7.4.4 configured -- resuming normal operations
[Mon Mar 30 15:59:12.729710 2020] [mpm_winnt:notice] [pid 14676:tid 664] AH00456: Apache Lounge VS16 Server built: Aug  9 2019 16:46:32
[Mon Mar 30 15:59:12.729710 2020] [core:notice] [pid 14676:tid 664] AH00094: Command line: 'C:\\Apache24\\bin\\httpd.exe -d C:/Apache24'
[Mon Mar 30 15:59:12.736577 2020] [mpm_winnt:notice] [pid 14676:tid 664] AH00418: Parent: Created child process 9856
[Mon Mar 30 15:59:13.417471 2020] [mpm_winnt:notice] [pid 9856:tid 4] AH00354: Child: Starting 64 worker threads.
[Mon Mar 30 16:08:34.883568 2020] [mpm_winnt:notice] [pid 14676:tid 664] AH00422: Parent: Received shutdown signal -- Shutting down the server.
[Mon Mar 30 16:08:36.887792 2020] [mpm_winnt:notice] [pid 9856:tid 4] AH00364: Child: All worker threads have exited.
[Mon Mar 30 16:08:38.181103 2020] [mpm_winnt:notice] [pid 14676:tid 664] AH00430: Parent: Child process 9856 exited successfully.
[Tue Mar 31 16:09:23.864881 2020] [mpm_winnt:notice] [pid 8720:tid 772] AH00455: Apache/2.4.41 (Win64) PHP/7.4.4 configured -- resuming normal operations
[Tue Mar 31 16:09:23.864881 2020] [mpm_winnt:notice] [pid 8720:tid 772] AH00456: Apache Lounge VS16 Server built: Aug  9 2019 16:46:32
[Tue Mar 31 16:09:23.864881 2020] [core:notice] [pid 8720:tid 772] AH00094: Command line: 'C:\\Apache24\\bin\\httpd.exe -d C:/Apache24'
[Tue Mar 31 16:09:23.880502 2020] [mpm_winnt:notice] [pid 8720:tid 772] AH00418: Parent: Created child process 16120
[Tue Mar 31 16:09:25.495043 2020] [mpm_winnt:notice] [pid 16120:tid 632] AH00354: Child: Starting 64 worker threads.
[Tue Mar 31 18:12:16.963239 2020] [mpm_winnt:notice] [pid 8720:tid 772] AH00422: Parent: Received shutdown signal -- Shutting down the server.
[Tue Mar 31 18:12:18.986194 2020] [mpm_winnt:notice] [pid 16120:tid 632] AH00364: Child: All worker threads have exited.
[Tue Mar 31 18:12:21.011232 2020] [mpm_winnt:notice] [pid 8720:tid 772] AH00430: Parent: Child process 16120 exited successfully.
[Tue Mar 31 18:12:22.938165 2020] [mpm_winnt:notice] [pid 9744:tid 692] AH00455: Apache/2.4.41 (Win64) PHP/7.4.4 configured -- resuming normal operations
[Tue Mar 31 18:12:22.938165 2020] [mpm_winnt:notice] [pid 9744:tid 692] AH00456: Apache Lounge VS16 Server built: Aug  9 2019 16:46:32
[Tue Mar 31 18:12:22.938165 2020] [core:notice] [pid 9744:tid 692] AH00094: Command line: 'C:\\Apache24\\bin\\httpd.exe -d C:/Apache24'
[Tue Mar 31 18:12:22.938165 2020] [mpm_winnt:notice] [pid 9744:tid 692] AH00418: Parent: Created child process 3136
[Tue Mar 31 18:12:23.548843 2020] [mpm_winnt:notice] [pid 3136:tid 660] AH00354: Child: Starting 64 worker threads.
[Tue Mar 31 18:25:31.015815 2020] [php7:warn] [pid 3136:tid 1144] [client ::1:51565] PHP Warning:  mysqli_connect(): php_network_getaddresses: getaddrinfo failed: No such host is known.  in C:\\Apache24\\htdocs\\team13code\\code\\frontEnd\\server.php on line 9, referer: http://localhost/team13code/code/frontEnd/
[Tue Mar 31 18:25:31.015815 2020] [php7:warn] [pid 3136:tid 1144] [client ::1:51565] PHP Warning:  mysqli_connect(): (HY000/2002): php_network_getaddresses: getaddrinfo failed: No such host is known.  in C:\\Apache24\\htdocs\\team13code\\code\\frontEnd\\server.php on line 9, referer: http://localhost/team13code/code/frontEnd/
[Tue Mar 31 18:25:39.381041 2020] [php7:warn] [pid 3136:tid 1128] [client ::1:51570] PHP Warning:  Use of undefined constant username - assumed 'username' (this will throw an Error in a future version of PHP) in C:\\Apache24\\htdocs\\team13code\\code\\frontEnd\\testserver.php on line 2, referer: http://localhost/team13code/code/frontEnd/signup.html
[Tue Mar 31 18:25:39.381041 2020] [php7:warn] [pid 3136:tid 1128] [client ::1:51570] PHP Warning:  Use of undefined constant password - assumed 'password' (this will throw an Error in a future version of PHP) in C:\\Apache24\\htdocs\\team13code\\code\\frontEnd\\testserver.php on line 3, referer: http://localhost/team13code/code/frontEnd/signup.html
[Tue Mar 31 18:25:39.384035 2020] [php7:warn] [pid 3136:tid 1128] [client ::1:51570] PHP Warning:  mysqli_connect(): (HY000/1045): Access denied for user 'root'@'localhost' (using password: NO) in C:\\Apache24\\htdocs\\team13code\\code\\frontEnd\\testserver.php on line 4, referer: http://localhost/team13code/code/frontEnd/signup.html
[Tue Mar 31 18:25:39.384035 2020] [php7:notice] [pid 3136:tid 1128] [client ::1:51570] PHP Notice:  Trying to get property 'connect_error' of non-object in C:\\Apache24\\htdocs\\team13code\\code\\frontEnd\\testserver.php on line 5, referer: http://localhost/team13code/code/frontEnd/signup.html
[Tue Mar 31 18:25:39.384035 2020] [php7:error] [pid 3136:tid 1128] [client ::1:51570] PHP Fatal error:  Uncaught Error: Call to a member function prepare() on bool in C:\\Apache24\\htdocs\\team13code\\code\\frontEnd\\testserver.php:9\nStack trace:\n#0 {main}\n  thrown in C:\\Apache24\\htdocs\\team13code\\code\\frontEnd\\testserver.php on line 9, referer: http://localhost/team13code/code/frontEnd/signup.html
[Tue Mar 31 18:26:25.319689 2020] [php7:warn] [pid 3136:tid 1128] [client ::1:51573] PHP Warning:  Use of undefined constant username - assumed 'username' (this will throw an Error in a future version of PHP) in C:\\Apache24\\htdocs\\team13code\\code\\frontEnd\\testserver.php on line 2, referer: http://localhost/team13code/code/frontEnd/signup.html
[Tue Mar 31 18:26:25.319689 2020] [php7:warn] [pid 3136:tid 1128] [client ::1:51573] PHP Warning:  Use of undefined constant password - assumed 'password' (this will throw an Error in a future version of PHP) in C:\\Apache24\\htdocs\\team13code\\code\\frontEnd\\testserver.php on line 3, referer: http://localhost/team13code/code/frontEnd/signup.html
[Tue Mar 31 18:26:25.322681 2020] [php7:warn] [pid 3136:tid 1128] [client ::1:51573] PHP Warning:  mysqli_connect(): (HY000/1045): Access denied for user 'root'@'localhost' (using password: NO) in C:\\Apache24\\htdocs\\team13code\\code\\frontEnd\\testserver.php on line 4, referer: http://localhost/team13code/code/frontEnd/signup.html
[Tue Mar 31 18:26:25.322681 2020] [php7:notice] [pid 3136:tid 1128] [client ::1:51573] PHP Notice:  Trying to get property 'connect_error' of non-object in C:\\Apache24\\htdocs\\team13code\\code\\frontEnd\\testserver.php on line 5, referer: http://localhost/team13code/code/frontEnd/signup.html
[Tue Mar 31 18:26:25.322681 2020] [php7:error] [pid 3136:tid 1128] [client ::1:51573] PHP Fatal error:  Uncaught Error: Call to a member function prepare() on bool in C:\\Apache24\\htdocs\\team13code\\code\\frontEnd\\testserver.php:9\nStack trace:\n#0 {main}\n  thrown in C:\\Apache24\\htdocs\\team13code\\code\\frontEnd\\testserver.php on line 9, referer: http://localhost/team13code/code/frontEnd/signup.html
[Tue Mar 31 18:30:16.597835 2020] [php7:warn] [pid 3136:tid 1152] [client ::1:51641] PHP Warning:  Use of undefined constant username - assumed 'username' (this will throw an Error in a future version of PHP) in C:\\Apache24\\htdocs\\team13code\\code\\frontEnd\\testserver.php on line 2, referer: http://localhost/team13code/code/frontEnd/signup.html
[Tue Mar 31 18:30:16.597835 2020] [php7:warn] [pid 3136:tid 1152] [client ::1:51641] PHP Warning:  Use of undefined constant password - assumed 'password' (this will throw an Error in a future version of PHP) in C:\\Apache24\\htdocs\\team13code\\code\\frontEnd\\testserver.php on line 3, referer: http://localhost/team13code/code/frontEnd/signup.html
[Tue Mar 31 18:30:16.598833 2020] [php7:warn] [pid 3136:tid 1152] [client ::1:51641] PHP Warning:  mysqli_connect(): (HY000/1045): Access denied for user 'root'@'localhost' (using password: NO) in C:\\Apache24\\htdocs\\team13code\\code\\frontEnd\\testserver.php on line 4, referer: http://localhost/team13code/code/frontEnd/signup.html
[Tue Mar 31 18:30:16.598833 2020] [php7:notice] [pid 3136:tid 1152] [client ::1:51641] PHP Notice:  Trying to get property 'connect_error' of non-object in C:\\Apache24\\htdocs\\team13code\\code\\frontEnd\\testserver.php on line 5, referer: http://localhost/team13code/code/frontEnd/signup.html
[Tue Mar 31 18:30:16.598833 2020] [php7:error] [pid 3136:tid 1152] [client ::1:51641] PHP Fatal error:  Uncaught Error: Call to a member function prepare() on bool in C:\\Apache24\\htdocs\\team13code\\code\\frontEnd\\testserver.php:9\nStack trace:\n#0 {main}\n  thrown in C:\\Apache24\\htdocs\\team13code\\code\\frontEnd\\testserver.php on line 9, referer: http://localhost/team13code/code/frontEnd/signup.html
[Tue Mar 31 18:30:50.753308 2020] [php7:warn] [pid 3136:tid 1128] [client ::1:51647] PHP Warning:  Use of undefined constant username - assumed 'username' (this will throw an Error in a future version of PHP) in C:\\Apache24\\htdocs\\team13code\\code\\frontEnd\\testserver.php on line 2, referer: http://localhost/team13code/code/frontEnd/signup.html
[Tue Mar 31 18:30:50.755302 2020] [php7:warn] [pid 3136:tid 1128] [client ::1:51647] PHP Warning:  Use of undefined constant password - assumed 'password' (this will throw an Error in a future version of PHP) in C:\\Apache24\\htdocs\\team13code\\code\\frontEnd\\testserver.php on line 3, referer: http://localhost/team13code/code/frontEnd/signup.html
[Tue Mar 31 18:30:50.760289 2020] [php7:warn] [pid 3136:tid 1128] [client ::1:51647] PHP Warning:  mysqli_connect(): (HY000/1045): Access denied for user 'root'@'localhost' (using password: NO) in C:\\Apache24\\htdocs\\team13code\\code\\frontEnd\\testserver.php on line 4, referer: http://localhost/team13code/code/frontEnd/signup.html
[Tue Mar 31 18:30:50.760289 2020] [php7:notice] [pid 3136:tid 1128] [client ::1:51647] PHP Notice:  Trying to get property 'connect_error' of non-object in C:\\Apache24\\htdocs\\team13code\\code\\frontEnd\\testserver.php on line 5, referer: http://localhost/team13code/code/frontEnd/signup.html
[Tue Mar 31 18:30:50.760289 2020] [php7:error] [pid 3136:tid 1128] [client ::1:51647] PHP Fatal error:  Uncaught Error: Call to a member function prepare() on bool in C:\\Apache24\\htdocs\\team13code\\code\\frontEnd\\testserver.php:9\nStack trace:\n#0 {main}\n  thrown in C:\\Apache24\\htdocs\\team13code\\code\\frontEnd\\testserver.php on line 9, referer: http://localhost/team13code/code/frontEnd/signup.html
[Tue Mar 31 18:38:35.028894 2020] [php7:warn] [pid 3136:tid 1152] [client ::1:51742] PHP Warning:  Use of undefined constant username - assumed 'username' (this will throw an Error in a future version of PHP) in C:\\Apache24\\htdocs\\team13code\\code\\frontEnd\\testserver.php on line 2, referer: http://localhost/team13code/code/frontEnd/signup.html
[Tue Mar 31 18:38:35.028894 2020] [php7:warn] [pid 3136:tid 1152] [client ::1:51742] PHP Warning:  Use of undefined constant password - assumed 'password' (this will throw an Error in a future version of PHP) in C:\\Apache24\\htdocs\\team13code\\code\\frontEnd\\testserver.php on line 3, referer: http://localhost/team13code/code/frontEnd/signup.html
[Tue Mar 31 18:38:35.029889 2020] [php7:warn] [pid 3136:tid 1152] [client ::1:51742] PHP Warning:  mysqli_connect(): (HY000/1045): Access denied for user 'root'@'localhost' (using password: NO) in C:\\Apache24\\htdocs\\team13code\\code\\frontEnd\\testserver.php on line 4, referer: http://localhost/team13code/code/frontEnd/signup.html
[Tue Mar 31 18:38:35.030887 2020] [php7:notice] [pid 3136:tid 1152] [client ::1:51742] PHP Notice:  Trying to get property 'connect_error' of non-object in C:\\Apache24\\htdocs\\team13code\\code\\frontEnd\\testserver.php on line 5, referer: http://localhost/team13code/code/frontEnd/signup.html
[Tue Mar 31 18:38:35.030887 2020] [php7:error] [pid 3136:tid 1152] [client ::1:51742] PHP Fatal error:  Uncaught Error: Call to a member function prepare() on bool in C:\\Apache24\\htdocs\\team13code\\code\\frontEnd\\testserver.php:9\nStack trace:\n#0 {main}\n  thrown in C:\\Apache24\\htdocs\\team13code\\code\\frontEnd\\testserver.php on line 9, referer: http://localhost/team13code/code/frontEnd/signup.html
[Tue Mar 31 18:42:03.326412 2020] [php7:warn] [pid 3136:tid 1144] [client ::1:51766] PHP Warning:  Use of undefined constant username - assumed 'username' (this will throw an Error in a future version of PHP) in C:\\Apache24\\htdocs\\team13code\\code\\frontEnd\\testserver.php on line 2, referer: http://localhost/team13code/code/frontEnd/signup.html
[Tue Mar 31 18:42:03.326412 2020] [php7:warn] [pid 3136:tid 1144] [client ::1:51766] PHP Warning:  Use of undefined constant password - assumed 'password' (this will throw an Error in a future version of PHP) in C:\\Apache24\\htdocs\\team13code\\code\\frontEnd\\testserver.php on line 3, referer: http://localhost/team13code/code/frontEnd/signup.html
[Tue Mar 31 18:42:03.328406 2020] [php7:warn] [pid 3136:tid 1144] [client ::1:51766] PHP Warning:  mysqli_connect(): (HY000/1045): Access denied for user 'root'@'localhost' (using password: NO) in C:\\Apache24\\htdocs\\team13code\\code\\frontEnd\\testserver.php on line 4, referer: http://localhost/team13code/code/frontEnd/signup.html
[Tue Mar 31 18:42:03.328406 2020] [php7:notice] [pid 3136:tid 1144] [client ::1:51766] PHP Notice:  Trying to get property 'connect_error' of non-object in C:\\Apache24\\htdocs\\team13code\\code\\frontEnd\\testserver.php on line 5, referer: http://localhost/team13code/code/frontEnd/signup.html
[Tue Mar 31 18:42:03.328406 2020] [php7:error] [pid 3136:tid 1144] [client ::1:51766] PHP Fatal error:  Uncaught Error: Call to a member function prepare() on bool in C:\\Apache24\\htdocs\\team13code\\code\\frontEnd\\testserver.php:9\nStack trace:\n#0 {main}\n  thrown in C:\\Apache24\\htdocs\\team13code\\code\\frontEnd\\testserver.php on line 9, referer: http://localhost/team13code/code/frontEnd/signup.html
[Tue Mar 31 18:42:10.960999 2020] [php7:warn] [pid 3136:tid 1144] [client ::1:51766] PHP Warning:  Use of undefined constant username - assumed 'username' (this will throw an Error in a future version of PHP) in C:\\Apache24\\htdocs\\team13code\\code\\frontEnd\\testserver.php on line 2, referer: http://localhost/team13code/code/frontEnd/signup.html
[Tue Mar 31 18:42:10.960999 2020] [php7:warn] [pid 3136:tid 1144] [client ::1:51766] PHP Warning:  Use of undefined constant password - assumed 'password' (this will throw an Error in a future version of PHP) in C:\\Apache24\\htdocs\\team13code\\code\\frontEnd\\testserver.php on line 3, referer: http://localhost/team13code/code/frontEnd/signup.html
[Tue Mar 31 18:42:10.961996 2020] [php7:warn] [pid 3136:tid 1144] [client ::1:51766] PHP Warning:  mysqli_connect(): (HY000/1045): Access denied for user 'root'@'localhost' (using password: NO) in C:\\Apache24\\htdocs\\team13code\\code\\frontEnd\\testserver.php on line 4, referer: http://localhost/team13code/code/frontEnd/signup.html
[Tue Mar 31 18:42:10.961996 2020] [php7:notice] [pid 3136:tid 1144] [client ::1:51766] PHP Notice:  Trying to get property 'connect_error' of non-object in C:\\Apache24\\htdocs\\team13code\\code\\frontEnd\\testserver.php on line 5, referer: http://localhost/team13code/code/frontEnd/signup.html
[Tue Mar 31 18:42:10.961996 2020] [php7:error] [pid 3136:tid 1144] [client ::1:51766] PHP Fatal error:  Uncaught Error: Call to a member function prepare() on bool in C:\\Apache24\\htdocs\\team13code\\code\\frontEnd\\testserver.php:9\nStack trace:\n#0 {main}\n  thrown in C:\\Apache24\\htdocs\\team13code\\code\\frontEnd\\testserver.php on line 9, referer: http://localhost/team13code/code/frontEnd/signup.html
[Tue Mar 31 18:42:22.323592 2020] [php7:warn] [pid 3136:tid 1152] [client ::1:51771] PHP Warning:  Use of undefined constant username - assumed 'username' (this will throw an Error in a future version of PHP) in C:\\Apache24\\htdocs\\team13code\\code\\frontEnd\\testserver.php on line 2, referer: http://localhost/team13code/code/frontEnd/signup.html
[Tue Mar 31 18:42:22.323592 2020] [php7:warn] [pid 3136:tid 1152] [client ::1:51771] PHP Warning:  Use of undefined constant password - assumed 'password' (this will throw an Error in a future version of PHP) in C:\\Apache24\\htdocs\\team13code\\code\\frontEnd\\testserver.php on line 3, referer: http://localhost/team13code/code/frontEnd/signup.html
[Tue Mar 31 18:42:22.324630 2020] [php7:warn] [pid 3136:tid 1152] [client ::1:51771] PHP Warning:  mysqli_connect(): (HY000/1045): Access denied for user 'root'@'localhost' (using password: NO) in C:\\Apache24\\htdocs\\team13code\\code\\frontEnd\\testserver.php on line 4, referer: http://localhost/team13code/code/frontEnd/signup.html
[Tue Mar 31 18:42:22.324630 2020] [php7:notice] [pid 3136:tid 1152] [client ::1:51771] PHP Notice:  Trying to get property 'connect_error' of non-object in C:\\Apache24\\htdocs\\team13code\\code\\frontEnd\\testserver.php on line 5, referer: http://localhost/team13code/code/frontEnd/signup.html
[Tue Mar 31 18:42:22.324630 2020] [php7:error] [pid 3136:tid 1152] [client ::1:51771] PHP Fatal error:  Uncaught Error: Call to a member function prepare() on bool in C:\\Apache24\\htdocs\\team13code\\code\\frontEnd\\testserver.php:9\nStack trace:\n#0 {main}\n  thrown in C:\\Apache24\\htdocs\\team13code\\code\\frontEnd\\testserver.php on line 9, referer: http://localhost/team13code/code/frontEnd/signup.html
[Tue Mar 31 18:42:29.458515 2020] [php7:warn] [pid 3136:tid 1152] [client ::1:51771] PHP Warning:  Use of undefined constant username - assumed 'username' (this will throw an Error in a future version of PHP) in C:\\Apache24\\htdocs\\team13code\\code\\frontEnd\\testserver.php on line 2, referer: http://localhost/team13code/code/frontEnd/signup.html
[Tue Mar 31 18:42:29.458515 2020] [php7:warn] [pid 3136:tid 1152] [client ::1:51771] PHP Warning:  Use of undefined constant password - assumed 'password' (this will throw an Error in a future version of PHP) in C:\\Apache24\\htdocs\\team13code\\code\\frontEnd\\testserver.php on line 3, referer: http://localhost/team13code/code/frontEnd/signup.html
[Tue Mar 31 18:42:29.462505 2020] [php7:warn] [pid 3136:tid 1152] [client ::1:51771] PHP Warning:  mysqli_connect(): (HY000/1045): Access denied for user 'root'@'localhost' (using password: NO) in C:\\Apache24\\htdocs\\team13code\\code\\frontEnd\\testserver.php on line 4, referer: http://localhost/team13code/code/frontEnd/signup.html
[Tue Mar 31 18:42:29.463512 2020] [php7:notice] [pid 3136:tid 1152] [client ::1:51771] PHP Notice:  Trying to get property 'connect_error' of non-object in C:\\Apache24\\htdocs\\team13code\\code\\frontEnd\\testserver.php on line 5, referer: http://localhost/team13code/code/frontEnd/signup.html
[Tue Mar 31 18:42:29.464501 2020] [php7:error] [pid 3136:tid 1152] [client ::1:51771] PHP Fatal error:  Uncaught Error: Call to a member function prepare() on bool in C:\\Apache24\\htdocs\\team13code\\code\\frontEnd\\testserver.php:9\nStack trace:\n#0 {main}\n  thrown in C:\\Apache24\\htdocs\\team13code\\code\\frontEnd\\testserver.php on line 9, referer: http://localhost/team13code/code/frontEnd/signup.html
[Tue Mar 31 18:44:45.852602 2020] [php7:warn] [pid 3136:tid 1152] [client ::1:51794] PHP Warning:  Use of undefined constant username - assumed 'username' (this will throw an Error in a future version of PHP) in C:\\Apache24\\htdocs\\team13code\\code\\frontEnd\\testserver.php on line 2, referer: http://localhost/team13code/code/frontEnd/signup.html
[Tue Mar 31 18:44:45.852602 2020] [php7:warn] [pid 3136:tid 1152] [client ::1:51794] PHP Warning:  Use of undefined constant password - assumed 'password' (this will throw an Error in a future version of PHP) in C:\\Apache24\\htdocs\\team13code\\code\\frontEnd\\testserver.php on line 3, referer: http://localhost/team13code/code/frontEnd/signup.html
[Tue Mar 31 18:44:45.853599 2020] [php7:warn] [pid 3136:tid 1152] [client ::1:51794] PHP Warning:  mysqli_connect(): (HY000/1045): Access denied for user 'root'@'localhost' (using password: NO) in C:\\Apache24\\htdocs\\team13code\\code\\frontEnd\\testserver.php on line 4, referer: http://localhost/team13code/code/frontEnd/signup.html
[Tue Mar 31 18:44:45.854597 2020] [php7:notice] [pid 3136:tid 1152] [client ::1:51794] PHP Notice:  Trying to get property 'connect_error' of non-object in C:\\Apache24\\htdocs\\team13code\\code\\frontEnd\\testserver.php on line 5, referer: http://localhost/team13code/code/frontEnd/signup.html
[Tue Mar 31 18:44:45.854597 2020] [php7:error] [pid 3136:tid 1152] [client ::1:51794] PHP Fatal error:  Uncaught Error: Call to a member function prepare() on bool in C:\\Apache24\\htdocs\\team13code\\code\\frontEnd\\testserver.php:9\nStack trace:\n#0 {main}\n  thrown in C:\\Apache24\\htdocs\\team13code\\code\\frontEnd\\testserver.php on line 9, referer: http://localhost/team13code/code/frontEnd/signup.html
[Tue Mar 31 18:45:03.708491 2020] [php7:warn] [pid 3136:tid 1128] [client ::1:51798] PHP Warning:  Use of undefined constant username - assumed 'username' (this will throw an Error in a future version of PHP) in C:\\Apache24\\htdocs\\team13code\\code\\frontEnd\\testserver.php on line 2, referer: http://localhost/team13code/code/frontEnd/signup.html
[Tue Mar 31 18:45:03.708491 2020] [php7:warn] [pid 3136:tid 1128] [client ::1:51798] PHP Warning:  Use of undefined constant password - assumed 'password' (this will throw an Error in a future version of PHP) in C:\\Apache24\\htdocs\\team13code\\code\\frontEnd\\testserver.php on line 3, referer: http://localhost/team13code/code/frontEnd/signup.html
[Tue Mar 31 18:45:03.712479 2020] [php7:warn] [pid 3136:tid 1128] [client ::1:51798] PHP Warning:  mysqli_connect(): (HY000/1045): Access denied for user 'root'@'localhost' (using password: NO) in C:\\Apache24\\htdocs\\team13code\\code\\frontEnd\\testserver.php on line 4, referer: http://localhost/team13code/code/frontEnd/signup.html
[Tue Mar 31 18:45:03.712479 2020] [php7:notice] [pid 3136:tid 1128] [client ::1:51798] PHP Notice:  Trying to get property 'connect_error' of non-object in C:\\Apache24\\htdocs\\team13code\\code\\frontEnd\\testserver.php on line 5, referer: http://localhost/team13code/code/frontEnd/signup.html
[Tue Mar 31 18:45:03.712479 2020] [php7:error] [pid 3136:tid 1128] [client ::1:51798] PHP Fatal error:  Uncaught Error: Call to a member function prepare() on bool in C:\\Apache24\\htdocs\\team13code\\code\\frontEnd\\testserver.php:9\nStack trace:\n#0 {main}\n  thrown in C:\\Apache24\\htdocs\\team13code\\code\\frontEnd\\testserver.php on line 9, referer: http://localhost/team13code/code/frontEnd/signup.html
[Wed Apr 01 06:31:32.485185 2020] [php7:warn] [pid 3136:tid 1144] [client ::1:52552] PHP Warning:  Use of undefined constant username - assumed 'username' (this will throw an Error in a future version of PHP) in C:\\Apache24\\htdocs\\team13code\\code\\frontEnd\\testserver.php on line 2, referer: http://localhost/team13code/code/frontEnd/signup.html
[Wed Apr 01 06:31:32.485185 2020] [php7:warn] [pid 3136:tid 1144] [client ::1:52552] PHP Warning:  Use of undefined constant password - assumed 'password' (this will throw an Error in a future version of PHP) in C:\\Apache24\\htdocs\\team13code\\code\\frontEnd\\testserver.php on line 3, referer: http://localhost/team13code/code/frontEnd/signup.html
[Wed Apr 01 06:31:32.497114 2020] [php7:warn] [pid 3136:tid 1144] [client ::1:52552] PHP Warning:  mysqli_connect(): (HY000/1045): Access denied for user 'root'@'localhost' (using password: NO) in C:\\Apache24\\htdocs\\team13code\\code\\frontEnd\\testserver.php on line 4, referer: http://localhost/team13code/code/frontEnd/signup.html
[Wed Apr 01 06:31:32.497114 2020] [php7:notice] [pid 3136:tid 1144] [client ::1:52552] PHP Notice:  Trying to get property 'connect_error' of non-object in C:\\Apache24\\htdocs\\team13code\\code\\frontEnd\\testserver.php on line 5, referer: http://localhost/team13code/code/frontEnd/signup.html
[Wed Apr 01 06:31:32.497114 2020] [php7:error] [pid 3136:tid 1144] [client ::1:52552] PHP Fatal error:  Uncaught Error: Call to a member function prepare() on bool in C:\\Apache24\\htdocs\\team13code\\code\\frontEnd\\testserver.php:9\nStack trace:\n#0 {main}\n  thrown in C:\\Apache24\\htdocs\\team13code\\code\\frontEnd\\testserver.php on line 9, referer: http://localhost/team13code/code/frontEnd/signup.html
[Wed Apr 01 06:49:12.814309 2020] [php7:warn] [pid 3136:tid 1136] [client ::1:52617] PHP Warning:  Use of undefined constant username - assumed 'username' (this will throw an Error in a future version of PHP) in C:\\Apache24\\htdocs\\team13code\\code\\frontEnd\\testserver.php on line 2, referer: http://localhost/team13code/code/frontEnd/signup.html
[Wed Apr 01 06:49:12.814309 2020] [php7:warn] [pid 3136:tid 1136] [client ::1:52617] PHP Warning:  Use of undefined constant password - assumed 'password' (this will throw an Error in a future version of PHP) in C:\\Apache24\\htdocs\\team13code\\code\\frontEnd\\testserver.php on line 3, referer: http://localhost/team13code/code/frontEnd/signup.html
[Wed Apr 01 06:49:12.818298 2020] [php7:warn] [pid 3136:tid 1136] [client ::1:52617] PHP Warning:  mysqli_connect(): (HY000/1045): Access denied for user 'root'@'localhost' (using password: NO) in C:\\Apache24\\htdocs\\team13code\\code\\frontEnd\\testserver.php on line 4, referer: http://localhost/team13code/code/frontEnd/signup.html
[Wed Apr 01 06:49:12.818298 2020] [php7:notice] [pid 3136:tid 1136] [client ::1:52617] PHP Notice:  Trying to get property 'connect_error' of non-object in C:\\Apache24\\htdocs\\team13code\\code\\frontEnd\\testserver.php on line 5, referer: http://localhost/team13code/code/frontEnd/signup.html
[Wed Apr 01 06:49:12.818298 2020] [php7:error] [pid 3136:tid 1136] [client ::1:52617] PHP Fatal error:  Uncaught Error: Call to a member function prepare() on bool in C:\\Apache24\\htdocs\\team13code\\code\\frontEnd\\testserver.php:9\nStack trace:\n#0 {main}\n  thrown in C:\\Apache24\\htdocs\\team13code\\code\\frontEnd\\testserver.php on line 9, referer: http://localhost/team13code/code/frontEnd/signup.html
[Wed Apr 01 06:50:17.136099 2020] [php7:warn] [pid 3136:tid 1136] [client ::1:52640] PHP Warning:  Use of undefined constant username - assumed 'username' (this will throw an Error in a future version of PHP) in C:\\Apache24\\htdocs\\team13code\\code\\frontEnd\\testserver.php on line 2, referer: http://localhost/team13code/code/frontEnd/signup.html
[Wed Apr 01 06:50:17.136099 2020] [php7:warn] [pid 3136:tid 1136] [client ::1:52640] PHP Warning:  Use of undefined constant password - assumed 'password' (this will throw an Error in a future version of PHP) in C:\\Apache24\\htdocs\\team13code\\code\\frontEnd\\testserver.php on line 3, referer: http://localhost/team13code/code/frontEnd/signup.html
[Wed Apr 01 06:50:17.139100 2020] [php7:warn] [pid 3136:tid 1136] [client ::1:52640] PHP Warning:  mysqli_connect(): (HY000/1045): Access denied for user 'root'@'localhost' (using password: NO) in C:\\Apache24\\htdocs\\team13code\\code\\frontEnd\\testserver.php on line 4, referer: http://localhost/team13code/code/frontEnd/signup.html
[Wed Apr 01 06:50:17.139100 2020] [php7:notice] [pid 3136:tid 1136] [client ::1:52640] PHP Notice:  Trying to get property 'connect_error' of non-object in C:\\Apache24\\htdocs\\team13code\\code\\frontEnd\\testserver.php on line 5, referer: http://localhost/team13code/code/frontEnd/signup.html
[Wed Apr 01 06:50:17.139100 2020] [php7:error] [pid 3136:tid 1136] [client ::1:52640] PHP Fatal error:  Uncaught Error: Call to a member function prepare() on bool in C:\\Apache24\\htdocs\\team13code\\code\\frontEnd\\testserver.php:9\nStack trace:\n#0 {main}\n  thrown in C:\\Apache24\\htdocs\\team13code\\code\\frontEnd\\testserver.php on line 9, referer: http://localhost/team13code/code/frontEnd/signup.html
[Wed Apr 01 06:50:45.578094 2020] [php7:warn] [pid 3136:tid 1136] [client ::1:52644] PHP Warning:  Use of undefined constant username - assumed 'username' (this will throw an Error in a future version of PHP) in C:\\Apache24\\htdocs\\team13code\\code\\frontEnd\\testserver.php on line 2, referer: http://localhost/team13code/code/frontEnd/signup.html
[Wed Apr 01 06:50:45.578094 2020] [php7:warn] [pid 3136:tid 1136] [client ::1:52644] PHP Warning:  Use of undefined constant password - assumed 'password' (this will throw an Error in a future version of PHP) in C:\\Apache24\\htdocs\\team13code\\code\\frontEnd\\testserver.php on line 3, referer: http://localhost/team13code/code/frontEnd/signup.html
[Wed Apr 01 06:50:45.581094 2020] [php7:warn] [pid 3136:tid 1136] [client ::1:52644] PHP Warning:  mysqli_connect(): (HY000/1045): Access denied for user 'root'@'localhost' (using password: NO) in C:\\Apache24\\htdocs\\team13code\\code\\frontEnd\\testserver.php on line 4, referer: http://localhost/team13code/code/frontEnd/signup.html
[Wed Apr 01 06:50:45.582085 2020] [php7:notice] [pid 3136:tid 1136] [client ::1:52644] PHP Notice:  Trying to get property 'connect_error' of non-object in C:\\Apache24\\htdocs\\team13code\\code\\frontEnd\\testserver.php on line 5, referer: http://localhost/team13code/code/frontEnd/signup.html
[Wed Apr 01 06:50:45.582085 2020] [php7:error] [pid 3136:tid 1136] [client ::1:52644] PHP Fatal error:  Uncaught Error: Call to a member function prepare() on bool in C:\\Apache24\\htdocs\\team13code\\code\\frontEnd\\testserver.php:9\nStack trace:\n#0 {main}\n  thrown in C:\\Apache24\\htdocs\\team13code\\code\\frontEnd\\testserver.php on line 9, referer: http://localhost/team13code/code/frontEnd/signup.html
[Wed Apr 01 06:51:59.909139 2020] [php7:warn] [pid 3136:tid 1152] [client ::1:52649] PHP Warning:  Use of undefined constant username - assumed 'username' (this will throw an Error in a future version of PHP) in C:\\Apache24\\htdocs\\team13code\\code\\frontEnd\\testserver.php on line 2, referer: http://localhost/team13code/code/frontEnd/signup.html
[Wed Apr 01 06:51:59.909139 2020] [php7:warn] [pid 3136:tid 1152] [client ::1:52649] PHP Warning:  Use of undefined constant password - assumed 'password' (this will throw an Error in a future version of PHP) in C:\\Apache24\\htdocs\\team13code\\code\\frontEnd\\testserver.php on line 3, referer: http://localhost/team13code/code/frontEnd/signup.html
[Wed Apr 01 06:51:59.912131 2020] [php7:warn] [pid 3136:tid 1152] [client ::1:52649] PHP Warning:  mysqli_connect(): (HY000/1045): Access denied for user 'root'@'localhost' (using password: NO) in C:\\Apache24\\htdocs\\team13code\\code\\frontEnd\\testserver.php on line 4, referer: http://localhost/team13code/code/frontEnd/signup.html
[Wed Apr 01 06:51:59.912131 2020] [php7:notice] [pid 3136:tid 1152] [client ::1:52649] PHP Notice:  Trying to get property 'connect_error' of non-object in C:\\Apache24\\htdocs\\team13code\\code\\frontEnd\\testserver.php on line 5, referer: http://localhost/team13code/code/frontEnd/signup.html
[Wed Apr 01 06:51:59.912131 2020] [php7:error] [pid 3136:tid 1152] [client ::1:52649] PHP Fatal error:  Uncaught Error: Call to a member function prepare() on bool in C:\\Apache24\\htdocs\\team13code\\code\\frontEnd\\testserver.php:9\nStack trace:\n#0 {main}\n  thrown in C:\\Apache24\\htdocs\\team13code\\code\\frontEnd\\testserver.php on line 9, referer: http://localhost/team13code/code/frontEnd/signup.html
[Wed Apr 01 06:52:04.933590 2020] [php7:warn] [pid 3136:tid 1152] [client ::1:52649] PHP Warning:  Use of undefined constant username - assumed 'username' (this will throw an Error in a future version of PHP) in C:\\Apache24\\htdocs\\team13code\\code\\frontEnd\\testserver.php on line 2, referer: http://localhost/team13code/code/frontEnd/signup.html
[Wed Apr 01 06:52:04.933590 2020] [php7:warn] [pid 3136:tid 1152] [client ::1:52649] PHP Warning:  Use of undefined constant password - assumed 'password' (this will throw an Error in a future version of PHP) in C:\\Apache24\\htdocs\\team13code\\code\\frontEnd\\testserver.php on line 3, referer: http://localhost/team13code/code/frontEnd/signup.html
[Wed Apr 01 06:52:04.934584 2020] [php7:warn] [pid 3136:tid 1152] [client ::1:52649] PHP Warning:  mysqli_connect(): (HY000/1045): Access denied for user 'root'@'localhost' (using password: NO) in C:\\Apache24\\htdocs\\team13code\\code\\frontEnd\\testserver.php on line 4, referer: http://localhost/team13code/code/frontEnd/signup.html
[Wed Apr 01 06:52:04.935584 2020] [php7:notice] [pid 3136:tid 1152] [client ::1:52649] PHP Notice:  Trying to get property 'connect_error' of non-object in C:\\Apache24\\htdocs\\team13code\\code\\frontEnd\\testserver.php on line 5, referer: http://localhost/team13code/code/frontEnd/signup.html
[Wed Apr 01 06:52:04.935584 2020] [php7:error] [pid 3136:tid 1152] [client ::1:52649] PHP Fatal error:  Uncaught Error: Call to a member function prepare() on bool in C:\\Apache24\\htdocs\\team13code\\code\\frontEnd\\testserver.php:9\nStack trace:\n#0 {main}\n  thrown in C:\\Apache24\\htdocs\\team13code\\code\\frontEnd\\testserver.php on line 9, referer: http://localhost/team13code/code/frontEnd/signup.html
[Wed Apr 01 06:52:18.873559 2020] [php7:warn] [pid 3136:tid 1152] [client ::1:52655] PHP Warning:  Use of undefined constant username - assumed 'username' (this will throw an Error in a future version of PHP) in C:\\Apache24\\htdocs\\team13code\\code\\frontEnd\\testserver.php on line 2, referer: http://localhost/team13code/code/frontEnd/signup.html
[Wed Apr 01 06:52:18.873559 2020] [php7:warn] [pid 3136:tid 1152] [client ::1:52655] PHP Warning:  Use of undefined constant password - assumed 'password' (this will throw an Error in a future version of PHP) in C:\\Apache24\\htdocs\\team13code\\code\\frontEnd\\testserver.php on line 3, referer: http://localhost/team13code/code/frontEnd/signup.html
[Wed Apr 01 06:52:18.875554 2020] [php7:warn] [pid 3136:tid 1152] [client ::1:52655] PHP Warning:  mysqli_connect(): (HY000/1045): Access denied for user 'root'@'localhost' (using password: NO) in C:\\Apache24\\htdocs\\team13code\\code\\frontEnd\\testserver.php on line 4, referer: http://localhost/team13code/code/frontEnd/signup.html
[Wed Apr 01 06:52:18.875554 2020] [php7:notice] [pid 3136:tid 1152] [client ::1:52655] PHP Notice:  Trying to get property 'connect_error' of non-object in C:\\Apache24\\htdocs\\team13code\\code\\frontEnd\\testserver.php on line 5, referer: http://localhost/team13code/code/frontEnd/signup.html
[Wed Apr 01 06:52:18.875554 2020] [php7:error] [pid 3136:tid 1152] [client ::1:52655] PHP Fatal error:  Uncaught Error: Call to a member function prepare() on bool in C:\\Apache24\\htdocs\\team13code\\code\\frontEnd\\testserver.php:9\nStack trace:\n#0 {main}\n  thrown in C:\\Apache24\\htdocs\\team13code\\code\\frontEnd\\testserver.php on line 9, referer: http://localhost/team13code/code/frontEnd/signup.html
[Wed Apr 01 06:52:45.584645 2020] [php7:warn] [pid 3136:tid 1152] [client ::1:52662] PHP Warning:  Use of undefined constant username - assumed 'username' (this will throw an Error in a future version of PHP) in C:\\Apache24\\htdocs\\team13code\\code\\frontEnd\\testserver.php on line 2, referer: http://localhost/team13code/code/frontEnd/signup.html
[Wed Apr 01 06:52:45.584645 2020] [php7:warn] [pid 3136:tid 1152] [client ::1:52662] PHP Warning:  Use of undefined constant password - assumed 'password' (this will throw an Error in a future version of PHP) in C:\\Apache24\\htdocs\\team13code\\code\\frontEnd\\testserver.php on line 3, referer: http://localhost/team13code/code/frontEnd/signup.html
[Wed Apr 01 06:52:45.588635 2020] [php7:warn] [pid 3136:tid 1152] [client ::1:52662] PHP Warning:  mysqli_connect(): (HY000/1045): Access denied for user 'root'@'localhost' (using password: NO) in C:\\Apache24\\htdocs\\team13code\\code\\frontEnd\\testserver.php on line 4, referer: http://localhost/team13code/code/frontEnd/signup.html
[Wed Apr 01 06:52:45.588635 2020] [php7:notice] [pid 3136:tid 1152] [client ::1:52662] PHP Notice:  Trying to get property 'connect_error' of non-object in C:\\Apache24\\htdocs\\team13code\\code\\frontEnd\\testserver.php on line 5, referer: http://localhost/team13code/code/frontEnd/signup.html
[Wed Apr 01 06:52:45.588635 2020] [php7:error] [pid 3136:tid 1152] [client ::1:52662] PHP Fatal error:  Uncaught Error: Call to a member function prepare() on bool in C:\\Apache24\\htdocs\\team13code\\code\\frontEnd\\testserver.php:9\nStack trace:\n#0 {main}\n  thrown in C:\\Apache24\\htdocs\\team13code\\code\\frontEnd\\testserver.php on line 9, referer: http://localhost/team13code/code/frontEnd/signup.html
[Wed Apr 01 06:56:36.495235 2020] [php7:warn] [pid 3136:tid 1152] [client ::1:52695] PHP Warning:  Use of undefined constant username - assumed 'username' (this will throw an Error in a future version of PHP) in C:\\Apache24\\htdocs\\team13code\\code\\frontEnd\\testserver.php on line 2, referer: http://localhost/team13code/code/frontEnd/signup.html
[Wed Apr 01 06:56:36.495235 2020] [php7:warn] [pid 3136:tid 1152] [client ::1:52695] PHP Warning:  Use of undefined constant password - assumed 'password' (this will throw an Error in a future version of PHP) in C:\\Apache24\\htdocs\\team13code\\code\\frontEnd\\testserver.php on line 3, referer: http://localhost/team13code/code/frontEnd/signup.html
[Wed Apr 01 06:56:36.497230 2020] [php7:error] [pid 3136:tid 1152] [client ::1:52695] PHP Fatal error:  Uncaught Error: Call to undefined function maysqli_connect_error() in C:\\Apache24\\htdocs\\team13code\\code\\frontEnd\\testserver.php:13\nStack trace:\n#0 {main}\n  thrown in C:\\Apache24\\htdocs\\team13code\\code\\frontEnd\\testserver.php on line 13, referer: http://localhost/team13code/code/frontEnd/signup.html
[Wed Apr 01 06:56:56.675092 2020] [php7:warn] [pid 3136:tid 1136] [client ::1:52699] PHP Warning:  Use of undefined constant username - assumed 'username' (this will throw an Error in a future version of PHP) in C:\\Apache24\\htdocs\\team13code\\code\\frontEnd\\testserver.php on line 2, referer: http://localhost/team13code/code/frontEnd/signup.html
[Wed Apr 01 06:56:56.675092 2020] [php7:warn] [pid 3136:tid 1136] [client ::1:52699] PHP Warning:  Use of undefined constant password - assumed 'password' (this will throw an Error in a future version of PHP) in C:\\Apache24\\htdocs\\team13code\\code\\frontEnd\\testserver.php on line 3, referer: http://localhost/team13code/code/frontEnd/signup.html
[Wed Apr 01 06:56:56.686093 2020] [php7:error] [pid 3136:tid 1136] [client ::1:52699] PHP Fatal error:  Uncaught Error: Call to undefined function maysqli_connect_error() in C:\\Apache24\\htdocs\\team13code\\code\\frontEnd\\testserver.php:16\nStack trace:\n#0 {main}\n  thrown in C:\\Apache24\\htdocs\\team13code\\code\\frontEnd\\testserver.php on line 16, referer: http://localhost/team13code/code/frontEnd/signup.html
[Wed Apr 01 06:57:08.109226 2020] [php7:warn] [pid 3136:tid 1152] [client ::1:52703] PHP Warning:  Use of undefined constant username - assumed 'username' (this will throw an Error in a future version of PHP) in C:\\Apache24\\htdocs\\team13code\\code\\frontEnd\\testserver.php on line 2, referer: http://localhost/team13code/code/frontEnd/signup.html
[Wed Apr 01 06:57:08.109226 2020] [php7:warn] [pid 3136:tid 1152] [client ::1:52703] PHP Warning:  Use of undefined constant password - assumed 'password' (this will throw an Error in a future version of PHP) in C:\\Apache24\\htdocs\\team13code\\code\\frontEnd\\testserver.php on line 3, referer: http://localhost/team13code/code/frontEnd/signup.html
[Wed Apr 01 06:58:52.543781 2020] [php7:warn] [pid 3136:tid 1128] [client ::1:52736] PHP Warning:  Use of undefined constant username - assumed 'username' (this will throw an Error in a future version of PHP) in C:\\Apache24\\htdocs\\team13code\\code\\frontEnd\\testserver.php on line 2, referer: http://localhost/team13code/code/frontEnd/signup.html
[Wed Apr 01 06:58:52.543781 2020] [php7:warn] [pid 3136:tid 1128] [client ::1:52736] PHP Warning:  Use of undefined constant password - assumed 'password' (this will throw an Error in a future version of PHP) in C:\\Apache24\\htdocs\\team13code\\code\\frontEnd\\testserver.php on line 3, referer: http://localhost/team13code/code/frontEnd/signup.html
[Wed Apr 01 06:59:01.028077 2020] [php7:warn] [pid 3136:tid 1136] [client ::1:52737] PHP Warning:  Use of undefined constant username - assumed 'username' (this will throw an Error in a future version of PHP) in C:\\Apache24\\htdocs\\team13code\\code\\frontEnd\\testserver.php on line 2, referer: http://localhost/team13code/code/frontEnd/signup.html
[Wed Apr 01 06:59:01.028077 2020] [php7:warn] [pid 3136:tid 1136] [client ::1:52737] PHP Warning:  Use of undefined constant password - assumed 'password' (this will throw an Error in a future version of PHP) in C:\\Apache24\\htdocs\\team13code\\code\\frontEnd\\testserver.php on line 3, referer: http://localhost/team13code/code/frontEnd/signup.html
[Wed Apr 01 07:04:04.335042 2020] [php7:warn] [pid 3136:tid 1108] [client ::1:52798] PHP Warning:  Use of undefined constant email - assumed 'email' (this will throw an Error in a future version of PHP) in C:\\Apache24\\htdocs\\team13code\\code\\frontEnd\\testserver.php on line 2, referer: http://localhost/team13code/code/frontEnd/signup.html
[Wed Apr 01 07:04:04.335042 2020] [php7:warn] [pid 3136:tid 1108] [client ::1:52798] PHP Warning:  Use of undefined constant username - assumed 'username' (this will throw an Error in a future version of PHP) in C:\\Apache24\\htdocs\\team13code\\code\\frontEnd\\testserver.php on line 3, referer: http://localhost/team13code/code/frontEnd/signup.html
[Wed Apr 01 07:04:04.336038 2020] [php7:warn] [pid 3136:tid 1108] [client ::1:52798] PHP Warning:  Use of undefined constant password - assumed 'password' (this will throw an Error in a future version of PHP) in C:\\Apache24\\htdocs\\team13code\\code\\frontEnd\\testserver.php on line 4, referer: http://localhost/team13code/code/frontEnd/signup.html
[Wed Apr 01 07:04:04.348006 2020] [php7:warn] [pid 3136:tid 1108] [client ::1:52798] PHP Warning:  mysqli_stmt::bind_param(): Number of elements in type definition string doesn't match number of bind variables in C:\\Apache24\\htdocs\\team13code\\code\\frontEnd\\testserver.php on line 36, referer: http://localhost/team13code/code/frontEnd/signup.html
[Wed Apr 01 07:04:19.254956 2020] [php7:warn] [pid 3136:tid 1108] [client ::1:52802] PHP Warning:  Use of undefined constant email - assumed 'email' (this will throw an Error in a future version of PHP) in C:\\Apache24\\htdocs\\team13code\\code\\frontEnd\\testserver.php on line 2, referer: http://localhost/team13code/code/frontEnd/signup.html
[Wed Apr 01 07:04:19.254956 2020] [php7:warn] [pid 3136:tid 1108] [client ::1:52802] PHP Warning:  Use of undefined constant username - assumed 'username' (this will throw an Error in a future version of PHP) in C:\\Apache24\\htdocs\\team13code\\code\\frontEnd\\testserver.php on line 3, referer: http://localhost/team13code/code/frontEnd/signup.html
[Wed Apr 01 07:04:19.254956 2020] [php7:warn] [pid 3136:tid 1108] [client ::1:52802] PHP Warning:  Use of undefined constant password - assumed 'password' (this will throw an Error in a future version of PHP) in C:\\Apache24\\htdocs\\team13code\\code\\frontEnd\\testserver.php on line 4, referer: http://localhost/team13code/code/frontEnd/signup.html
[Wed Apr 01 07:10:48.997670 2020] [php7:warn] [pid 3136:tid 1152] [client ::1:52842] PHP Warning:  Use of undefined constant email - assumed 'email' (this will throw an Error in a future version of PHP) in C:\\Apache24\\htdocs\\team13code\\code\\frontEnd\\testserver.php on line 2, referer: http://localhost/team13code/code/frontEnd/signup.html
[Wed Apr 01 07:10:48.998666 2020] [php7:warn] [pid 3136:tid 1152] [client ::1:52842] PHP Warning:  Use of undefined constant username - assumed 'username' (this will throw an Error in a future version of PHP) in C:\\Apache24\\htdocs\\team13code\\code\\frontEnd\\testserver.php on line 3, referer: http://localhost/team13code/code/frontEnd/signup.html
[Wed Apr 01 07:10:48.998666 2020] [php7:warn] [pid 3136:tid 1152] [client ::1:52842] PHP Warning:  Use of undefined constant password - assumed 'password' (this will throw an Error in a future version of PHP) in C:\\Apache24\\htdocs\\team13code\\code\\frontEnd\\testserver.php on line 4, referer: http://localhost/team13code/code/frontEnd/signup.html
[Wed Apr 01 07:11:39.340659 2020] [php7:warn] [pid 3136:tid 1152] [client ::1:52871] PHP Warning:  Use of undefined constant email - assumed 'email' (this will throw an Error in a future version of PHP) in C:\\Apache24\\htdocs\\team13code\\code\\frontEnd\\testserver.php on line 2, referer: http://localhost/team13code/code/frontEnd/signup.html
[Wed Apr 01 07:11:39.340659 2020] [php7:warn] [pid 3136:tid 1152] [client ::1:52871] PHP Warning:  Use of undefined constant username - assumed 'username' (this will throw an Error in a future version of PHP) in C:\\Apache24\\htdocs\\team13code\\code\\frontEnd\\testserver.php on line 3, referer: http://localhost/team13code/code/frontEnd/signup.html
[Wed Apr 01 07:11:39.340659 2020] [php7:warn] [pid 3136:tid 1152] [client ::1:52871] PHP Warning:  Use of undefined constant password - assumed 'password' (this will throw an Error in a future version of PHP) in C:\\Apache24\\htdocs\\team13code\\code\\frontEnd\\testserver.php on line 4, referer: http://localhost/team13code/code/frontEnd/signup.html
[Wed Apr 01 07:17:03.078413 2020] [php7:error] [pid 3136:tid 1108] [client ::1:52910] PHP Parse error:  syntax error, unexpected '}', expecting ';' or ',' in C:\\Apache24\\htdocs\\team13code\\code\\frontEnd\\testserver.php on line 24, referer: http://localhost/team13code/code/frontEnd/signup.html
[Wed Apr 01 07:17:16.797065 2020] [php7:warn] [pid 3136:tid 1152] [client ::1:52913] PHP Warning:  Use of undefined constant email - assumed 'email' (this will throw an Error in a future version of PHP) in C:\\Apache24\\htdocs\\team13code\\code\\frontEnd\\testserver.php on line 2, referer: http://localhost/team13code/code/frontEnd/signup.html
[Wed Apr 01 07:17:16.797065 2020] [php7:warn] [pid 3136:tid 1152] [client ::1:52913] PHP Warning:  Use of undefined constant username - assumed 'username' (this will throw an Error in a future version of PHP) in C:\\Apache24\\htdocs\\team13code\\code\\frontEnd\\testserver.php on line 3, referer: http://localhost/team13code/code/frontEnd/signup.html
[Wed Apr 01 07:17:16.797065 2020] [php7:warn] [pid 3136:tid 1152] [client ::1:52913] PHP Warning:  Use of undefined constant password - assumed 'password' (this will throw an Error in a future version of PHP) in C:\\Apache24\\htdocs\\team13code\\code\\frontEnd\\testserver.php on line 4, referer: http://localhost/team13code/code/frontEnd/signup.html
[Wed Apr 01 07:19:51.073360 2020] [php7:warn] [pid 3136:tid 1108] [client ::1:52923] PHP Warning:  Use of undefined constant email - assumed 'email' (this will throw an Error in a future version of PHP) in C:\\Apache24\\htdocs\\team13code\\code\\frontEnd\\testserver.php on line 2, referer: http://localhost/team13code/code/frontEnd/signup.html
[Wed Apr 01 07:19:51.073360 2020] [php7:warn] [pid 3136:tid 1108] [client ::1:52923] PHP Warning:  Use of undefined constant username - assumed 'username' (this will throw an Error in a future version of PHP) in C:\\Apache24\\htdocs\\team13code\\code\\frontEnd\\testserver.php on line 3, referer: http://localhost/team13code/code/frontEnd/signup.html
[Wed Apr 01 07:19:51.073360 2020] [php7:warn] [pid 3136:tid 1108] [client ::1:52923] PHP Warning:  Use of undefined constant password - assumed 'password' (this will throw an Error in a future version of PHP) in C:\\Apache24\\htdocs\\team13code\\code\\frontEnd\\testserver.php on line 4, referer: http://localhost/team13code/code/frontEnd/signup.html
[Wed Apr 01 07:21:31.162143 2020] [php7:warn] [pid 3136:tid 1108] [client ::1:52927] PHP Warning:  Use of undefined constant email - assumed 'email' (this will throw an Error in a future version of PHP) in C:\\Apache24\\htdocs\\team13code\\code\\frontEnd\\testserver.php on line 2, referer: http://localhost/team13code/code/frontEnd/signup.html
[Wed Apr 01 07:21:31.162143 2020] [php7:warn] [pid 3136:tid 1108] [client ::1:52927] PHP Warning:  Use of undefined constant username - assumed 'username' (this will throw an Error in a future version of PHP) in C:\\Apache24\\htdocs\\team13code\\code\\frontEnd\\testserver.php on line 3, referer: http://localhost/team13code/code/frontEnd/signup.html
[Wed Apr 01 07:21:31.162143 2020] [php7:warn] [pid 3136:tid 1108] [client ::1:52927] PHP Warning:  Use of undefined constant password - assumed 'password' (this will throw an Error in a future version of PHP) in C:\\Apache24\\htdocs\\team13code\\code\\frontEnd\\testserver.php on line 4, referer: http://localhost/team13code/code/frontEnd/signup.html
[Wed Apr 01 07:21:38.248868 2020] [php7:warn] [pid 3136:tid 1152] [client ::1:52926] PHP Warning:  Use of undefined constant email - assumed 'email' (this will throw an Error in a future version of PHP) in C:\\Apache24\\htdocs\\team13code\\code\\frontEnd\\testserver.php on line 2, referer: http://localhost/team13code/code/frontEnd/signup.html
[Wed Apr 01 07:21:38.248868 2020] [php7:warn] [pid 3136:tid 1152] [client ::1:52926] PHP Warning:  Use of undefined constant username - assumed 'username' (this will throw an Error in a future version of PHP) in C:\\Apache24\\htdocs\\team13code\\code\\frontEnd\\testserver.php on line 3, referer: http://localhost/team13code/code/frontEnd/signup.html
[Wed Apr 01 07:21:38.248868 2020] [php7:warn] [pid 3136:tid 1152] [client ::1:52926] PHP Warning:  Use of undefined constant password - assumed 'password' (this will throw an Error in a future version of PHP) in C:\\Apache24\\htdocs\\team13code\\code\\frontEnd\\testserver.php on line 4, referer: http://localhost/team13code/code/frontEnd/signup.html
[Wed Apr 01 07:23:40.268686 2020] [php7:warn] [pid 3136:tid 1152] [client ::1:52972] PHP Warning:  Use of undefined constant email - assumed 'email' (this will throw an Error in a future version of PHP) in C:\\Apache24\\htdocs\\team13code\\code\\frontEnd\\testserver.php on line 2, referer: http://localhost/team13code/code/frontEnd/signup.html
[Wed Apr 01 07:23:40.268686 2020] [php7:warn] [pid 3136:tid 1152] [client ::1:52972] PHP Warning:  Use of undefined constant username - assumed 'username' (this will throw an Error in a future version of PHP) in C:\\Apache24\\htdocs\\team13code\\code\\frontEnd\\testserver.php on line 3, referer: http://localhost/team13code/code/frontEnd/signup.html
[Wed Apr 01 07:23:40.268686 2020] [php7:warn] [pid 3136:tid 1152] [client ::1:52972] PHP Warning:  Use of undefined constant password - assumed 'password' (this will throw an Error in a future version of PHP) in C:\\Apache24\\htdocs\\team13code\\code\\frontEnd\\testserver.php on line 4, referer: http://localhost/team13code/code/frontEnd/signup.html
[Wed Apr 01 07:25:07.987125 2020] [php7:warn] [pid 3136:tid 1152] [client ::1:52989] PHP Warning:  Use of undefined constant email - assumed 'email' (this will throw an Error in a future version of PHP) in C:\\Apache24\\htdocs\\team13code\\code\\frontEnd\\testserver.php on line 2, referer: http://localhost/team13code/code/frontEnd/signup.html
[Wed Apr 01 07:25:07.987125 2020] [php7:warn] [pid 3136:tid 1152] [client ::1:52989] PHP Warning:  Use of undefined constant username - assumed 'username' (this will throw an Error in a future version of PHP) in C:\\Apache24\\htdocs\\team13code\\code\\frontEnd\\testserver.php on line 3, referer: http://localhost/team13code/code/frontEnd/signup.html
[Wed Apr 01 07:25:07.987125 2020] [php7:warn] [pid 3136:tid 1152] [client ::1:52989] PHP Warning:  Use of undefined constant password - assumed 'password' (this will throw an Error in a future version of PHP) in C:\\Apache24\\htdocs\\team13code\\code\\frontEnd\\testserver.php on line 4, referer: http://localhost/team13code/code/frontEnd/signup.html
